


ARM Macro Assembler    Page 1 


    1 00000000         ;;; Copyright ARM Ltd 2001. All rights reserved.
    2 00000000         
    3 00000000                 AREA             Vect, CODE, READONLY
    4 00000000                 PRESERVE8
    5 00000000         
    6 00000000         ; These are example exception vectors and exception hand
                       lers
    7 00000000         ;
    8 00000000         ; Where there is ROM fixed at 0x0 (build_b), these are h
                       ard-coded at 0x0.
    9 00000000         ; Where ROM/RAM remapping occurs (build_c), these are co
                       pied from ROM to RAM.
   10 00000000         ; The copying is done automatically by the C library cod
                       e inside __main.
   11 00000000         ;
   12 00000000         ; This version puts a branch to an Interrupt Handler (IR
                       Q_Handler in int_handler.c) 
   13 00000000         ; in its exception vector table.
   14 00000000         
   15 00000000         
   16 00000000         ; *****************
   17 00000000         ; Exception Vectors
   18 00000000         ; *****************
   19 00000000         
   20 00000000         ; Note: LDR PC instructions are used here, though branch
                        (B) instructions
   21 00000000         ; could also be used, unless the ROM is at an address >3
                       2MB.
   22 00000000         
   23 00000000         ENTRY
   24 00000000                 IMPORT           IRQ_Handler ; In RTOSVECT.s
   25 00000000                 IMPORT           Reset_Handler ; In init_*.s
   26 00000000                 EXPORT           __program_start
   27 00000000                 EXPORT           __vector_end
   28 00000000         
   29 00000000         __program_start
   30 00000000 E59FF018        LDR              PC, =Reset_Handler
   31 00000004         Undefined_Handler
   32 00000004 E59FF018        LDR              PC, =Undefined_Handler
   33 00000008         SWI_Handler
   34 00000008 E59FF018        LDR              PC, =SWI_Handler
   35 0000000C         Prefetch_Handler
   36 0000000C E59FF018        LDR              PC, =Prefetch_Handler
   37 00000010         Abort_Handler
   38 00000010 E51FF008        LDR              PC, Abort_Handler
   39 00000014 E1A00000        NOP                          ; Reserved vector
   40 00000018         
   41 00000018 E59FF010        LDR              PC, =IRQ_Handler
   42 0000001C         FIQ_Handler
   43 0000001C E59FF010        LDR              PC, =FIQ_Handler
   44 00000020         
   45 00000020         
   46 00000020 00000000 
              00000000 
              00000000 
              00000000 
              00000000 
              00000000         LTORG
   47 00000038         __vector_end



ARM Macro Assembler    Page 2 


   48 00000038         
   49 00000038                 END
Command Line: --debug --xref --diag_suppress=A1788W,A1786W --apcs=interwork --d
epend=.\output\lpc2478_ea\debug_flash_j-link\obj\vectors.d -o.\output\lpc2478_e
a\debug_flash_j-link\obj\vectors.o -I"C:\Program Files (x86)\Keil\V473\ARM\RV31
\INC" -I"C:\Program Files (x86)\Keil\V473\ARM\CMSIS\Include" -I"C:\Program File
s (x86)\Keil\V473\ARM\Inc\Philips" --list=.\output\lpc2478_ea\debug_flash_j-lin
k\lst\vectors.lst Setup\Vectors.s



ARM Macro Assembler    Page 1 Alphabetic symbol ordering
Relocatable symbols

Abort_Handler 00000010

Symbol: Abort_Handler
   Definitions
      At line 37 in file Setup\Vectors.s
   Uses
      At line 38 in file Setup\Vectors.s
Comment: Abort_Handler used once
ENTRY 00000000

Symbol: ENTRY
   Definitions
      At line 23 in file Setup\Vectors.s
   Uses
      None
Comment: ENTRY unused
FIQ_Handler 0000001C

Symbol: FIQ_Handler
   Definitions
      At line 42 in file Setup\Vectors.s
   Uses
      At line 43 in file Setup\Vectors.s
Comment: FIQ_Handler used once
Prefetch_Handler 0000000C

Symbol: Prefetch_Handler
   Definitions
      At line 35 in file Setup\Vectors.s
   Uses
      At line 36 in file Setup\Vectors.s
Comment: Prefetch_Handler used once
SWI_Handler 00000008

Symbol: SWI_Handler
   Definitions
      At line 33 in file Setup\Vectors.s
   Uses
      At line 34 in file Setup\Vectors.s
Comment: SWI_Handler used once
Undefined_Handler 00000004

Symbol: Undefined_Handler
   Definitions
      At line 31 in file Setup\Vectors.s
   Uses
      At line 32 in file Setup\Vectors.s
Comment: Undefined_Handler used once
Vect 00000000

Symbol: Vect
   Definitions
      At line 3 in file Setup\Vectors.s
   Uses
      None
Comment: Vect unused
__program_start 00000000

Symbol: __program_start



ARM Macro Assembler    Page 2 Alphabetic symbol ordering
Relocatable symbols

   Definitions
      At line 29 in file Setup\Vectors.s
   Uses
      At line 26 in file Setup\Vectors.s
Comment: __program_start used once
__vector_end 00000038

Symbol: __vector_end
   Definitions
      At line 47 in file Setup\Vectors.s
   Uses
      At line 27 in file Setup\Vectors.s
Comment: __vector_end used once
9 symbols



ARM Macro Assembler    Page 1 Alphabetic symbol ordering
External symbols

IRQ_Handler 00000000

Symbol: IRQ_Handler
   Definitions
      At line 24 in file Setup\Vectors.s
   Uses
      At line 41 in file Setup\Vectors.s
Comment: IRQ_Handler used once
Reset_Handler 00000000

Symbol: Reset_Handler
   Definitions
      At line 25 in file Setup\Vectors.s
   Uses
      At line 30 in file Setup\Vectors.s
Comment: Reset_Handler used once
2 symbols
343 symbols in table
