L 1 "IP\IP_FS\FS_RO\Generated\About.c"
N/* About.c */
N/* Automatically created from html\About.htm using Bin2C.exe (c) 2002 - 2008 SEGGER Microcontroller */
N
N#include "About.h"
L 1 "IP\IP_FS\FS_RO\Generated\About.h" 1
N/* About.h */
N/* Automatically created from html\About.htm using Bin2C.exe */
N
N#ifndef __ABOUT_H__
N#define __ABOUT_H__
N
N#define ABOUT_SIZE 2753
N
Nextern const unsigned char about_file[];
N
N#endif
L 5 "IP\IP_FS\FS_RO\Generated\About.c" 2
N
Nconst unsigned char about_file[]=
N{
N 0x3c,  0x48,  0x54,  0x4d,  0x4c,  0x3e,  0x0d,  0x0a,  0x20,  0x20,
N 0x3c,  0x48,  0x45,  0x41,  0x44,  0x3e,  0x0d,  0x0a,  0x20,  0x20,
N 0x20,  0x20,  0x3c,  0x54,  0x49,  0x54,  0x4c,  0x45,  0x3e,  0x41,
N 0x62,  0x6f,  0x75,  0x74,  0x20,  0x53,  0x65,  0x67,  0x67,  0x65,
N 0x72,  0x3c,  0x2f,  0x54,  0x49,  0x54,  0x4c,  0x45,  0x3e,  0x0d,
N 0x0a,  0x20,  0x20,  0x3c,  0x2f,  0x48,  0x45,  0x41,  0x44,  0x3e,
N 0x0d,  0x0a,  0x20,  0x20,  0x3c,  0x73,  0x74,  0x79,  0x6c,  0x65,
N 0x20,  0x74,  0x79,  0x70,  0x65,  0x3d,  0x22,  0x74,  0x65,  0x78,
N 0x74,  0x2f,  0x63,  0x73,  0x73,  0x22,  0x3e,  0x0d,  0x0a,  0x20,
N 0x20,  0x20,  0x20,  0x42,  0x4f,  0x44,  0x59,  0x7b,  0x70,  0x61,
N 0x64,  0x64,  0x69,  0x6e,  0x67,  0x3a,  0x30,  0x70,  0x78,  0x3b,
N 0x20,  0x6d,  0x61,  0x72,  0x67,  0x69,  0x6e,  0x3a,  0x30,  0x70,
N 0x78,  0x3b,  0x20,  0x74,  0x65,  0x78,  0x74,  0x2d,  0x61,  0x6c,
N 0x69,  0x67,  0x6e,  0x3a,  0x63,  0x65,  0x6e,  0x74,  0x65,  0x72,
N 0x3b,  0x20,  0x66,  0x6f,  0x6e,  0x74,  0x2d,  0x66,  0x61,  0x6d,
N 0x69,  0x6c,  0x79,  0x3a,  0x56,  0x65,  0x72,  0x64,  0x61,  0x6e,
N 0x61,  0x2c,  0x20,  0x48,  0x65,  0x6c,  0x76,  0x65,  0x74,  0x69,
N 0x63,  0x61,  0x2c,  0x20,  0x73,  0x61,  0x6e,  0x73,  0x2d,  0x73,
N 0x65,  0x72,  0x69,  0x66,  0x3b,  0x20,  0x62,  0x61,  0x63,  0x6b,
N 0x67,  0x72,  0x6f,  0x75,  0x6e,  0x64,  0x3a,  0x23,  0x36,  0x36,
N 0x39,  0x39,  0x43,  0x43,  0x20,  0x75,  0x72,  0x6c,  0x28,  0x62,
N 0x67,  0x2e,  0x70,  0x6e,  0x67,  0x29,  0x20,  0x72,  0x65,  0x70,
N 0x65,  0x61,  0x74,  0x2d,  0x78,  0x3b,  0x20,  0x66,  0x6f,  0x6e,
N 0x74,  0x2d,  0x73,  0x69,  0x7a,  0x65,  0x3a,  0x31,  0x31,  0x70,
N 0x78,  0x3b,  0x20,  0x63,  0x6f,  0x6c,  0x6f,  0x72,  0x3a,  0x77,
N 0x68,  0x69,  0x74,  0x65,  0x20,  0x7d,  0x0d,  0x0a,  0x20,  0x20,
N 0x20,  0x20,  0x74,  0x64,  0x20,  0x7b,  0x66,  0x6f,  0x6e,  0x74,
N 0x2d,  0x66,  0x61,  0x6d,  0x69,  0x6c,  0x79,  0x3a,  0x56,  0x65,
N 0x72,  0x64,  0x61,  0x6e,  0x61,  0x2c,  0x20,  0x48,  0x65,  0x6c,
N 0x76,  0x65,  0x74,  0x69,  0x63,  0x61,  0x2c,  0x20,  0x73,  0x61,
N 0x6e,  0x73,  0x2d,  0x73,  0x65,  0x72,  0x69,  0x66,  0x3b,  0x20,
N 0x66,  0x6f,  0x6e,  0x74,  0x2d,  0x73,  0x69,  0x7a,  0x65,  0x3a,
N 0x31,  0x32,  0x70,  0x78,  0x20,  0x7d,  0x0d,  0x0a,  0x20,  0x20,
N 0x20,  0x20,  0x41,  0x3a,  0x6c,  0x69,  0x6e,  0x6b,  0x20,  0x7b,
N 0x20,  0x66,  0x6f,  0x6e,  0x74,  0x2d,  0x77,  0x65,  0x69,  0x67,
N 0x68,  0x74,  0x3a,  0x62,  0x6f,  0x6c,  0x64,  0x3b,  0x20,  0x63,
N 0x6f,  0x6c,  0x6f,  0x72,  0x3a,  0x77,  0x68,  0x69,  0x74,  0x65,
N 0x3b,  0x20,  0x74,  0x65,  0x78,  0x74,  0x2d,  0x64,  0x65,  0x63,
N 0x6f,  0x72,  0x61,  0x74,  0x69,  0x6f,  0x6e,  0x3a,  0x6e,  0x6f,
N 0x6e,  0x65,  0x3b,  0x20,  0x7d,  0x0d,  0x0a,  0x20,  0x20,  0x20,
N 0x20,  0x41,  0x3a,  0x76,  0x69,  0x73,  0x69,  0x74,  0x65,  0x64,
N 0x20,  0x7b,  0x20,  0x66,  0x6f,  0x6e,  0x74,  0x2d,  0x77,  0x65,
N 0x69,  0x67,  0x68,  0x74,  0x3a,  0x62,  0x6f,  0x6c,  0x64,  0x3b,
N 0x20,  0x63,  0x6f,  0x6c,  0x6f,  0x72,  0x3a,  0x73,  0x69,  0x6c,
N 0x76,  0x65,  0x72,  0x3b,  0x20,  0x74,  0x65,  0x78,  0x74,  0x2d,
N 0x64,  0x65,  0x63,  0x6f,  0x72,  0x61,  0x74,  0x69,  0x6f,  0x6e,
N 0x3a,  0x6e,  0x6f,  0x6e,  0x65,  0x3b,  0x20,  0x7d,  0x0d,  0x0a,
N 0x20,  0x20,  0x20,  0x20,  0x41,  0x3a,  0x66,  0x6f,  0x63,  0x75,
N 0x73,  0x20,  0x7b,  0x20,  0x66,  0x6f,  0x6e,  0x74,  0x2d,  0x77,
N 0x65,  0x69,  0x67,  0x68,  0x74,  0x3a,  0x62,  0x6f,  0x6c,  0x64,
N 0x3b,  0x20,  0x63,  0x6f,  0x6c,  0x6f,  0x72,  0x3a,  0x77,  0x68,
N 0x69,  0x74,  0x65,  0x3b,  0x20,  0x74,  0x65,  0x78,  0x74,  0x2d,
N 0x64,  0x65,  0x63,  0x6f,  0x72,  0x61,  0x74,  0x69,  0x6f,  0x6e,
N 0x3a,  0x75,  0x6e,  0x64,  0x65,  0x72,  0x6c,  0x69,  0x6e,  0x65,
N 0x3b,  0x20,  0x7d,  0x0d,  0x0a,  0x20,  0x20,  0x20,  0x20,  0x41,
N 0x3a,  0x68,  0x6f,  0x76,  0x65,  0x72,  0x20,  0x7b,  0x20,  0x66,
N 0x6f,  0x6e,  0x74,  0x2d,  0x77,  0x65,  0x69,  0x67,  0x68,  0x74,
N 0x3a,  0x62,  0x6f,  0x6c,  0x64,  0x3b,  0x20,  0x63,  0x6f,  0x6c,
N 0x6f,  0x72,  0x3a,  0x73,  0x69,  0x6c,  0x76,  0x65,  0x72,  0x3b,
N 0x20,  0x74,  0x65,  0x78,  0x74,  0x2d,  0x64,  0x65,  0x63,  0x6f,
N 0x72,  0x61,  0x74,  0x69,  0x6f,  0x6e,  0x3a,  0x6e,  0x6f,  0x6e,
N 0x65,  0x3b,  0x20,  0x7d,  0x0d,  0x0a,  0x20,  0x20,  0x20,  0x20,
N 0x41,  0x3a,  0x61,  0x63,  0x74,  0x69,  0x76,  0x65,  0x20,  0x7b,
N 0x20,  0x66,  0x6f,  0x6e,  0x74,  0x2d,  0x77,  0x65,  0x69,  0x67,
N 0x68,  0x74,  0x3a,  0x62,  0x6f,  0x6c,  0x64,  0x3b,  0x20,  0x63,
N 0x6f,  0x6c,  0x6f,  0x72,  0x3a,  0x77,  0x68,  0x69,  0x74,  0x65,
N 0x3b,  0x20,  0x74,  0x65,  0x78,  0x74,  0x2d,  0x64,  0x65,  0x63,
N 0x6f,  0x72,  0x61,  0x74,  0x69,  0x6f,  0x6e,  0x3a,  0x75,  0x6e,
N 0x64,  0x65,  0x72,  0x6c,  0x69,  0x6e,  0x65,  0x3b,  0x20,  0x7d,
N 0x0d,  0x0a,  0x20,  0x20,  0x3c,  0x2f,  0x73,  0x74,  0x79,  0x6c,
N 0x65,  0x3e,  0x0d,  0x0a,  0x20,  0x20,  0x3c,  0x42,  0x4f,  0x44,
N 0x59,  0x3e,  0x0d,  0x0a,  0x20,  0x20,  0x20,  0x20,  0x3c,  0x43,
N 0x45,  0x4e,  0x54,  0x45,  0x52,  0x3e,  0x0d,  0x0a,  0x20,  0x20,
N 0x20,  0x20,  0x20,  0x20,  0x3c,  0x48,  0x52,  0x3e,  0x0d,  0x0a,
N 0x20,  0x20,  0x20,  0x20,  0x20,  0x20,  0x3c,  0x48,  0x32,  0x3e,
N 0x41,  0x62,  0x6f,  0x75,  0x74,  0x20,  0x53,  0x65,  0x67,  0x67,
N 0x65,  0x72,  0x3c,  0x2f,  0x48,  0x32,  0x3e,  0x0d,  0x0a,  0x20,
N 0x20,  0x20,  0x20,  0x20,  0x20,  0x3c,  0x48,  0x52,  0x3e,  0x20,
N 0x0d,  0x0a,  0x20,  0x20,  0x20,  0x20,  0x20,  0x20,  0x3c,  0x42,
N 0x52,  0x3e,  0x20,  0x20,  0x20,  0x20,  0x20,  0x0d,  0x0a,  0x20,
N 0x20,  0x20,  0x20,  0x20,  0x20,  0x3c,  0x42,  0x52,  0x3e,  0x0d,
N 0x0a,  0x20,  0x20,  0x20,  0x20,  0x20,  0x20,  0x20,  0x20,  0x3c,
N 0x54,  0x41,  0x42,  0x4c,  0x45,  0x3e,  0x0d,  0x0a,  0x20,  0x20,
N 0x20,  0x20,  0x20,  0x20,  0x20,  0x20,  0x20,  0x20,  0x3c,  0x54,
N 0x52,  0x3e,  0x0d,  0x0a,  0x20,  0x20,  0x20,  0x20,  0x20,  0x20,
N 0x20,  0x20,  0x20,  0x20,  0x20,  0x20,  0x3c,  0x54,  0x44,  0x20,
N 0x77,  0x69,  0x64,  0x74,  0x68,  0x3d,  0x22,  0x31,  0x30,  0x25,
N 0x22,  0x3e,  0x3c,  0x2f,  0x54,  0x44,  0x3e,  0x0d,  0x0a,  0x20,
N 0x20,  0x20,  0x20,  0x20,  0x20,  0x20,  0x20,  0x20,  0x20,  0x20,
N 0x20,  0x3c,  0x54,  0x44,  0x3e,  0x0d,  0x0a,  0x20,  0x20,  0x20,
N 0x20,  0x20,  0x20,  0x20,  0x20,  0x20,  0x20,  0x20,  0x20,  0x20,
N 0x20,  0x3c,  0x42,  0x3e,  0x53,  0x45,  0x47,  0x47,  0x45,  0x52,
N 0x20,  0x4d,  0x69,  0x63,  0x72,  0x6f,  0x63,  0x6f,  0x6e,  0x74,
N 0x72,  0x6f,  0x6c,  0x6c,  0x65,  0x72,  0x3c,  0x2f,  0x42,  0x3e,
N 0x20,  0x64,  0x65,  0x76,  0x65,  0x6c,  0x6f,  0x70,  0x73,  0x20,
N 0x61,  0x6e,  0x64,  0x20,  0x64,  0x69,  0x73,  0x74,  0x72,  0x69,
N 0x62,  0x75,  0x74,  0x65,  0x73,  0x20,  0x68,  0x61,  0x72,  0x64,
N 0x77,  0x61,  0x72,  0x65,  0x20,  0x61,  0x6e,  0x64,  0x20,  0x73,
N 0x6f,  0x66,  0x74,  0x77,  0x61,  0x72,  0x65,  0x20,  0x64,  0x65,
N 0x76,  0x65,  0x6c,  0x6f,  0x70,  0x6d,  0x65,  0x6e,  0x74,  0x20,
N 0x74,  0x6f,  0x6f,  0x6c,  0x73,  0x20,  0x61,  0x73,  0x20,  0x77,
N 0x65,  0x6c,  0x6c,  0x20,  0x61,  0x73,  0x20,  0x73,  0x6f,  0x66,
N 0x74,  0x77,  0x61,  0x72,  0x65,  0x20,  0x63,  0x6f,  0x6d,  0x70,
N 0x6f,  0x6e,  0x65,  0x6e,  0x74,  0x73,  0x20,  0x66,  0x6f,  0x72,
N 0x20,  0x65,  0x6d,  0x62,  0x65,  0x64,  0x64,  0x65,  0x64,  0x20,
N 0x73,  0x79,  0x73,  0x74,  0x65,  0x6d,  0x73,  0x2e,  0x20,  0x0d,
N 0x0a,  0x20,  0x20,  0x20,  0x20,  0x20,  0x20,  0x20,  0x20,  0x20,
N 0x20,  0x20,  0x20,  0x20,  0x20,  0x41,  0x6e,  0x20,  0x22,  0x65,
N 0x6d,  0x62,  0x65,  0x64,  0x64,  0x65,  0x64,  0x20,  0x73,  0x79,
N 0x73,  0x74,  0x65,  0x6d,  0x22,  0x20,  0x69,  0x73,  0x20,  0x6f,
N 0x6e,  0x65,  0x20,  0x69,  0x6e,  0x20,  0x77,  0x68,  0x69,  0x63,
N 0x68,  0x20,  0x61,  0x20,  0x6d,  0x69,  0x63,  0x72,  0x6f,  0x70,
N 0x72,  0x6f,  0x63,  0x65,  0x73,  0x73,  0x6f,  0x72,  0x20,  0x61,
N 0x6e,  0x64,  0x20,  0x61,  0x73,  0x73,  0x6f,  0x63,  0x69,  0x61,
N 0x74,  0x65,  0x64,  0x20,  0x63,  0x6f,  0x6d,  0x70,  0x6f,  0x6e,
N 0x65,  0x6e,  0x74,  0x73,  0x20,  0x61,  0x72,  0x65,  0x20,  0x69,
N 0x6e,  0x63,  0x6f,  0x72,  0x70,  0x6f,  0x72,  0x61,  0x74,  0x65,
N 0x64,  0x20,  0x69,  0x6e,  0x74,  0x6f,  0x20,  0x61,  0x20,  0x64,
N 0x65,  0x76,  0x69,  0x63,  0x65,  0x20,  0x68,  0x65,  0x6c,  0x70,
N 0x69,  0x6e,  0x67,  0x20,  0x74,  0x6f,  0x20,  0x61,  0x63,  0x63,
N 0x6f,  0x6d,  0x70,  0x6c,  0x69,  0x73,  0x68,  0x20,  0x64,  0x69,
N 0x66,  0x66,  0x69,  0x63,  0x75,  0x6c,  0x74,  0x20,  0x61,  0x6e,
N 0x64,  0x20,  0x0d,  0x0a,  0x20,  0x20,  0x20,  0x20,  0x20,  0x20,
N 0x20,  0x20,  0x20,  0x20,  0x20,  0x20,  0x20,  0x20,  0x63,  0x6f,
N 0x6d,  0x70,  0x6c,  0x65,  0x78,  0x20,  0x74,  0x61,  0x73,  0x6b,
N 0x73,  0x20,  0x69,  0x6e,  0x20,  0x70,  0x72,  0x6f,  0x64,  0x75,
N 0x63,  0x74,  0x73,  0x20,  0x73,  0x75,  0x63,  0x68,  0x20,  0x61,
N 0x73,  0x20,  0x63,  0x65,  0x6c,  0x6c,  0x20,  0x70,  0x68,  0x6f,
N 0x6e,  0x65,  0x73,  0x2c,  0x20,  0x6d,  0x65,  0x64,  0x69,  0x63,
N 0x61,  0x6c,  0x20,  0x69,  0x6e,  0x73,  0x74,  0x72,  0x75,  0x6d,
N 0x65,  0x6e,  0x74,  0x73,  0x2c,  0x20,  0x69,  0x6e,  0x73,  0x74,
N 0x72,  0x75,  0x6d,  0x65,  0x6e,  0x74,  0x20,  0x63,  0x6c,  0x75,
N 0x73,  0x74,  0x65,  0x72,  0x73,  0x2c,  0x20,  0x6d,  0x65,  0x61,
N 0x73,  0x75,  0x72,  0x65,  0x6d,  0x65,  0x6e,  0x74,  0x20,  0x69,
N 0x6e,  0x73,  0x74,  0x72,  0x75,  0x6d,  0x65,  0x6e,  0x74,  0x73,
N 0x2c,  0x20,  0x73,  0x61,  0x74,  0x65,  0x6c,  0x6c,  0x69,  0x74,
N 0x65,  0x20,  0x72,  0x61,  0x64,  0x69,  0x6f,  0x73,  0x2c,  0x20,
N 0x64,  0x69,  0x67,  0x69,  0x74,  0x61,  0x6c,  0x20,  0x63,  0x61,
N 0x6d,  0x65,  0x72,  0x61,  0x73,  0x20,  0x65,  0x74,  0x63,  0x2e,
N 0x3c,  0x50,  0x3e,  0x0d,  0x0a,  0x0d,  0x0a,  0x20,  0x20,  0x20,
N 0x20,  0x20,  0x20,  0x20,  0x20,  0x20,  0x20,  0x20,  0x20,  0x20,
N 0x20,  0x53,  0x45,  0x47,  0x47,  0x45,  0x52,  0x20,  0x77,  0x61,
N 0x73,  0x20,  0x66,  0x6f,  0x75,  0x6e,  0x64,  0x65,  0x64,  0x20,
N 0x69,  0x6e,  0x20,  0x31,  0x39,  0x39,  0x37,  0x2c,  0x20,  0x69,
N 0x73,  0x20,  0x70,  0x72,  0x69,  0x76,  0x61,  0x74,  0x65,  0x6c,
N 0x79,  0x20,  0x68,  0x65,  0x6c,  0x64,  0x2c,  0x20,  0x68,  0x61,
N 0x73,  0x20,  0x62,  0x65,  0x65,  0x6e,  0x20,  0x70,  0x72,  0x6f,
N 0x66,  0x69,  0x74,  0x61,  0x62,  0x6c,  0x65,  0x20,  0x73,  0x69,
N 0x6e,  0x63,  0x65,  0x20,  0x69,  0x74,  0x73,  0x20,  0x69,  0x6e,
N 0x63,  0x65,  0x70,  0x74,  0x69,  0x6f,  0x6e,  0x2c,  0x20,  0x61,
N 0x6e,  0x64,  0x20,  0x69,  0x73,  0x20,  0x67,  0x72,  0x6f,  0x77,
N 0x69,  0x6e,  0x67,  0x20,  0x73,  0x74,  0x65,  0x61,  0x64,  0x69,
N 0x6c,  0x79,  0x2e,  0x20,  0x0d,  0x0a,  0x20,  0x20,  0x20,  0x20,
N 0x20,  0x20,  0x20,  0x20,  0x20,  0x20,  0x20,  0x20,  0x20,  0x20,
N 0x42,  0x61,  0x73,  0x65,  0x64,  0x20,  0x69,  0x6e,  0x20,  0x48,
N 0x69,  0x6c,  0x64,  0x65,  0x6e,  0x20,  0x77,  0x69,  0x74,  0x68,
N 0x20,  0x64,  0x69,  0x73,  0x74,  0x72,  0x69,  0x62,  0x75,  0x74,
N 0x6f,  0x72,  0x73,  0x20,  0x69,  0x6e,  0x20,  0x61,  0x6c,  0x6c,
N 0x20,  0x63,  0x6f,  0x6e,  0x74,  0x69,  0x6e,  0x65,  0x6e,  0x74,
N 0x73,  0x20,  0x61,  0x6e,  0x64,  0x20,  0x61,  0x20,  0x6c,  0x6f,
N 0x63,  0x61,  0x6c,  0x20,  0x6f,  0x66,  0x66,  0x69,  0x63,  0x65,
N 0x20,  0x69,  0x6e,  0x20,  0x4d,  0x61,  0x73,  0x73,  0x61,  0x63,
N 0x68,  0x75,  0x73,  0x65,  0x74,  0x74,  0x73,  0x2c,  0x20,  0x53,
N 0x45,  0x47,  0x47,  0x45,  0x52,  0x20,  0x6f,  0x66,  0x66,  0x65,
N 0x72,  0x73,  0x20,  0x69,  0x74,  0x73,  0x20,  0x66,  0x75,  0x6c,
N 0x6c,  0x20,  0x70,  0x72,  0x6f,  0x64,  0x75,  0x63,  0x74,  0x20,
N 0x72,  0x61,  0x6e,  0x67,  0x65,  0x20,  0x77,  0x6f,  0x72,  0x6c,
N 0x64,  0x77,  0x69,  0x64,  0x65,  0x2e,  0x3c,  0x50,  0x3e,  0x0d,
N 0x0a,  0x20,  0x20,  0x20,  0x20,  0x20,  0x20,  0x20,  0x20,  0x20,
N 0x20,  0x20,  0x20,  0x20,  0x20,  0x53,  0x45,  0x47,  0x47,  0x45,
N 0x52,  0x20,  0x73,  0x6f,  0x66,  0x74,  0x77,  0x61,  0x72,  0x65,
N 0x20,  0x70,  0x72,  0x6f,  0x64,  0x75,  0x63,  0x74,  0x73,  0x20,
N 0x69,  0x6e,  0x63,  0x6c,  0x75,  0x64,  0x65,  0x3a,  0x20,  0x65,
N 0x6d,  0x62,  0x4f,  0x53,  0x20,  0x28,  0x52,  0x54,  0x4f,  0x53,
N 0x29,  0x2c,  0x20,  0x65,  0x6d,  0x57,  0x69,  0x6e,  0x20,  0x28,
N 0x47,  0x55,  0x49,  0x29,  0x2c,  0x20,  0x65,  0x6d,  0x46,  0x69,
N 0x6c,  0x65,  0x20,  0x28,  0x46,  0x69,  0x6c,  0x65,  0x20,  0x53,
N 0x79,  0x73,  0x74,  0x65,  0x6d,  0x29,  0x2c,  0x20,  0x65,  0x6d,
N 0x55,  0x53,  0x42,  0x20,  0x28,  0x55,  0x53,  0x42,  0x20,  0x68,
N 0x6f,  0x73,  0x74,  0x20,  0x61,  0x6e,  0x64,  0x20,  0x64,  0x65,
N 0x76,  0x69,  0x63,  0x65,  0x20,  0x73,  0x74,  0x61,  0x63,  0x6b,
N 0x29,  0x20,  0x61,  0x6e,  0x64,  0x20,  0x65,  0x6d,  0x62,  0x4f,
N 0x53,  0x2f,  0x49,  0x50,  0x20,  0x28,  0x54,  0x43,  0x50,  0x2f,
N 0x49,  0x50,  0x20,  0x73,  0x74,  0x61,  0x63,  0x6b,  0x29,  0x2e,
N 0x20,  0x0d,  0x0a,  0x20,  0x20,  0x20,  0x20,  0x20,  0x20,  0x20,
N 0x20,  0x20,  0x20,  0x20,  0x20,  0x20,  0x20,  0x57,  0x69,  0x74,
N 0x68,  0x20,  0x74,  0x68,  0x65,  0x20,  0x65,  0x78,  0x70,  0x65,
N 0x72,  0x69,  0x65,  0x6e,  0x63,  0x65,  0x20,  0x69,  0x6e,  0x20,
N 0x70,  0x72,  0x6f,  0x67,  0x72,  0x61,  0x6d,  0x6d,  0x69,  0x6e,
N 0x67,  0x20,  0x65,  0x66,  0x66,  0x69,  0x63,  0x69,  0x65,  0x6e,
N 0x74,  0x6c,  0x79,  0x20,  0x6f,  0x6e,  0x20,  0x65,  0x6d,  0x62,
N 0x65,  0x64,  0x64,  0x65,  0x64,  0x20,  0x73,  0x79,  0x73,  0x74,
N 0x65,  0x6d,  0x73,  0x2c,  0x20,  0x53,  0x45,  0x47,  0x47,  0x45,
N 0x52,  0x20,  0x63,  0x72,  0x65,  0x61,  0x74,  0x65,  0x64,  0x20,
N 0x68,  0x69,  0x67,  0x68,  0x6c,  0x79,  0x20,  0x69,  0x6e,  0x74,
N 0x65,  0x67,  0x72,  0x61,  0x74,  0x65,  0x64,  0x2c,  0x20,  0x63,
N 0x6f,  0x73,  0x74,  0x2d,  0x65,  0x66,  0x66,  0x65,  0x63,  0x74,
N 0x69,  0x76,  0x65,  0x20,  0x70,  0x72,  0x6f,  0x67,  0x72,  0x61,
N 0x6d,  0x6d,  0x69,  0x6e,  0x67,  0x20,  0x61,  0x6e,  0x64,  0x20,
N 0x64,  0x65,  0x76,  0x65,  0x6c,  0x6f,  0x70,  0x6d,  0x65,  0x6e,
N 0x74,  0x20,  0x74,  0x6f,  0x6f,  0x6c,  0x73,  0x2c,  0x20,  0x0d,
N 0x0a,  0x20,  0x20,  0x20,  0x20,  0x20,  0x20,  0x20,  0x20,  0x20,
N 0x20,  0x20,  0x20,  0x20,  0x20,  0x73,  0x75,  0x63,  0x68,  0x20,
N 0x61,  0x73,  0x20,  0x74,  0x68,  0x65,  0x20,  0x46,  0x6c,  0x61,
N 0x73,  0x68,  0x65,  0x72,  0x20,  0x28,  0x73,  0x74,  0x61,  0x6e,
N 0x64,  0x2d,  0x61,  0x6c,  0x6f,  0x6e,  0x65,  0x20,  0x66,  0x6c,
N 0x61,  0x73,  0x68,  0x20,  0x70,  0x72,  0x6f,  0x67,  0x72,  0x61,
N 0x6d,  0x6d,  0x65,  0x72,  0x29,  0x20,  0x61,  0x6e,  0x64,  0x20,
N 0x74,  0x68,  0x65,  0x20,  0x69,  0x6e,  0x64,  0x75,  0x73,  0x74,
N 0x72,  0x79,  0x20,  0x6c,  0x65,  0x61,  0x64,  0x69,  0x6e,  0x67,
N 0x20,  0x4a,  0x2d,  0x4c,  0x69,  0x6e,  0x6b,  0x2f,  0x4a,  0x2d,
N 0x54,  0x72,  0x61,  0x63,  0x65,  0x20,  0x65,  0x6d,  0x75,  0x6c,
N 0x61,  0x74,  0x6f,  0x72,  0x2e,  0x3c,  0x50,  0x3e,  0x0d,  0x0a,
N 0x0d,  0x0a,  0x20,  0x20,  0x20,  0x20,  0x20,  0x20,  0x20,  0x20,
N 0x20,  0x20,  0x20,  0x20,  0x20,  0x20,  0x53,  0x45,  0x47,  0x47,
N 0x45,  0x52,  0x92,  0x73,  0x20,  0x69,  0x6e,  0x74,  0x65,  0x6e,
N 0x74,  0x69,  0x6f,  0x6e,  0x20,  0x69,  0x73,  0x20,  0x74,  0x6f,
N 0x20,  0x63,  0x75,  0x74,  0x20,  0x73,  0x6f,  0x66,  0x74,  0x77,
N 0x61,  0x72,  0x65,  0x20,  0x64,  0x65,  0x76,  0x65,  0x6c,  0x6f,
N 0x70,  0x6d,  0x65,  0x6e,  0x74,  0x20,  0x74,  0x69,  0x6d,  0x65,
N 0x20,  0x66,  0x6f,  0x72,  0x20,  0x65,  0x6d,  0x62,  0x65,  0x64,
N 0x64,  0x65,  0x64,  0x20,  0x61,  0x70,  0x70,  0x6c,  0x69,  0x63,
N 0x61,  0x74,  0x69,  0x6f,  0x6e,  0x73,  0x20,  0x62,  0x79,  0x20,
N 0x6f,  0x66,  0x66,  0x65,  0x72,  0x69,  0x6e,  0x67,  0x20,  0x61,
N 0x66,  0x66,  0x6f,  0x72,  0x64,  0x61,  0x62,  0x6c,  0x65,  0x2c,
N 0x20,  0x68,  0x69,  0x67,  0x68,  0x20,  0x71,  0x75,  0x61,  0x6c,
N 0x69,  0x74,  0x79,  0x2c,  0x20,  0x66,  0x6c,  0x65,  0x78,  0x69,
N 0x62,  0x6c,  0x65,  0x20,  0x61,  0x6e,  0x64,  0x20,  0x65,  0x61,
N 0x73,  0x79,  0x2d,  0x74,  0x6f,  0x2d,  0x75,  0x73,  0x65,  0x20,
N 0x74,  0x6f,  0x6f,  0x6c,  0x73,  0x20,  0x0d,  0x0a,  0x20,  0x20,
N 0x20,  0x20,  0x20,  0x20,  0x20,  0x20,  0x20,  0x20,  0x20,  0x20,
N 0x20,  0x20,  0x61,  0x6e,  0x64,  0x20,  0x73,  0x6f,  0x66,  0x74,
N 0x77,  0x61,  0x72,  0x65,  0x20,  0x63,  0x6f,  0x6d,  0x70,  0x6f,
N 0x6e,  0x65,  0x6e,  0x74,  0x73,  0x20,  0x61,  0x6c,  0x6c,  0x6f,
N 0x77,  0x69,  0x6e,  0x67,  0x20,  0x64,  0x65,  0x76,  0x65,  0x6c,
N 0x6f,  0x70,  0x65,  0x72,  0x73,  0x20,  0x74,  0x6f,  0x20,  0x66,
N 0x6f,  0x63,  0x75,  0x73,  0x20,  0x6f,  0x6e,  0x20,  0x74,  0x68,
N 0x65,  0x69,  0x72,  0x20,  0x61,  0x70,  0x70,  0x6c,  0x69,  0x63,
N 0x61,  0x74,  0x69,  0x6f,  0x6e,  0x73,  0x2e,  0x3c,  0x42,  0x52,
N 0x3e,  0x3c,  0x42,  0x52,  0x3e,  0x3c,  0x42,  0x52,  0x3e,  0x0d,
N 0x0a,  0x20,  0x20,  0x20,  0x20,  0x20,  0x20,  0x20,  0x20,  0x20,
N 0x20,  0x20,  0x20,  0x3c,  0x2f,  0x54,  0x44,  0x3e,  0x0d,  0x0a,
N 0x20,  0x20,  0x20,  0x20,  0x20,  0x20,  0x20,  0x20,  0x20,  0x20,
N 0x20,  0x20,  0x3c,  0x54,  0x44,  0x20,  0x77,  0x69,  0x64,  0x74,
N 0x68,  0x3d,  0x22,  0x31,  0x30,  0x25,  0x22,  0x3e,  0x3c,  0x2f,
N 0x54,  0x44,  0x3e,  0x0d,  0x0a,  0x20,  0x20,  0x20,  0x20,  0x20,
N 0x20,  0x20,  0x20,  0x20,  0x20,  0x3c,  0x2f,  0x54,  0x52,  0x3e,
N 0x0d,  0x0a,  0x20,  0x20,  0x20,  0x20,  0x20,  0x20,  0x20,  0x20,
N 0x3c,  0x2f,  0x54,  0x41,  0x42,  0x4c,  0x45,  0x3e,  0x0d,  0x0a,
N 0x20,  0x20,  0x20,  0x20,  0x20,  0x20,  0x3c,  0x68,  0x72,  0x3e,
N 0x20,  0x20,  0x0d,  0x0a,  0x20,  0x20,  0x20,  0x20,  0x20,  0x20,
N 0x3c,  0x41,  0x20,  0x48,  0x52,  0x45,  0x46,  0x3d,  0x22,  0x69,
N 0x6e,  0x64,  0x65,  0x78,  0x2e,  0x68,  0x74,  0x6d,  0x22,  0x3e,
N 0x42,  0x61,  0x63,  0x6b,  0x20,  0x74,  0x6f,  0x20,  0x6d,  0x61,
N 0x69,  0x6e,  0x3c,  0x2f,  0x41,  0x3e,  0x3c,  0x62,  0x72,  0x3e,
N 0x0d,  0x0a,  0x20,  0x20,  0x20,  0x20,  0x3c,  0x2f,  0x43,  0x45,
N 0x4e,  0x54,  0x45,  0x52,  0x3e,  0x0d,  0x0a,  0x20,  0x20,  0x20,
N 0x20,  0x3c,  0x49,  0x4d,  0x47,  0x20,  0x53,  0x52,  0x43,  0x3d,
N 0x22,  0x73,  0x65,  0x67,  0x67,  0x65,  0x72,  0x6c,  0x6f,  0x67,
N 0x6f,  0x2e,  0x67,  0x69,  0x66,  0x22,  0x20,  0x41,  0x4c,  0x54,
N 0x3d,  0x22,  0x53,  0x65,  0x67,  0x67,  0x65,  0x72,  0x20,  0x6c,
N 0x6f,  0x67,  0x6f,  0x22,  0x3e,  0x26,  0x6e,  0x62,  0x73,  0x70,
N 0x3b,  0x26,  0x6e,  0x62,  0x73,  0x70,  0x3b,  0x20,  0x53,  0x45,
N 0x47,  0x47,  0x45,  0x52,  0x20,  0x4d,  0x69,  0x63,  0x72,  0x6f,
N 0x63,  0x6f,  0x6e,  0x74,  0x72,  0x6f,  0x6c,  0x6c,  0x65,  0x72,
N 0x20,  0x47,  0x6d,  0x62,  0x48,  0x20,  0x26,  0x61,  0x6d,  0x70,
N 0x3b,  0x20,  0x43,  0x6f,  0x2e,  0x20,  0x4b,  0x47,  0x20,  0x26,
N 0x6e,  0x62,  0x73,  0x70,  0x3b,  0x26,  0x6e,  0x62,  0x73,  0x70,
N 0x3b,  0x3c,  0x41,  0x20,  0x48,  0x52,  0x45,  0x46,  0x3d,  0x22,
N 0x68,  0x74,  0x74,  0x70,  0x3a,  0x2f,  0x2f,  0x77,  0x77,  0x77,
N 0x2e,  0x73,  0x65,  0x67,  0x67,  0x65,  0x72,  0x2e,  0x63,  0x6f,
N 0x6d,  0x22,  0x3e,  0x77,  0x77,  0x77,  0x2e,  0x73,  0x65,  0x67,
N 0x67,  0x65,  0x72,  0x2e,  0x63,  0x6f,  0x6d,  0x3c,  0x2f,  0x41,
N 0x3e,  0x0d,  0x0a,  0x20,  0x20,  0x3c,  0x2f,  0x42,  0x4f,  0x44,
N 0x59,  0x3e,  0x0d,  0x0a,  0x3c,  0x2f,  0x48,  0x54,  0x4d,  0x4c,
N 0x3e,  0x0d,  0x0a, };
